19:20:13.101 [main] INFO  org.eclipse.jetty.util.log - Logging initialized @644ms
19:20:13.179 [main] INFO  org.eclipse.jetty.server.Server - jetty-9.2.15.v20160210
19:20:13.490 [main] INFO  /carsdealer - No Spring WebApplicationInitializer types detected on classpath
19:20:13.569 [main] INFO  org.eclipse.jetty.server.handler.ContextHandler - Started o.e.j.w.WebAppContext@157632c9{/carsdealer,file:/D:/JD2H/messenger/web/src/main/webapp/,AVAILABLE}{src/main/webapp}
19:20:13.619 [main] INFO  org.eclipse.jetty.server.ServerConnector - Started ServerConnector@222545dc{HTTP/1.1}{0.0.0.0:8081}
19:20:13.619 [main] INFO  org.eclipse.jetty.server.Server - Started @1175ms
19:38:41.130 [main] INFO  org.eclipse.jetty.util.log - Logging initialized @575ms
19:38:41.208 [main] INFO  org.eclipse.jetty.server.Server - jetty-9.2.15.v20160210
19:38:41.514 [main] INFO  /messenger - No Spring WebApplicationInitializer types detected on classpath
19:38:41.586 [main] INFO  org.eclipse.jetty.server.handler.ContextHandler - Started o.e.j.w.WebAppContext@157632c9{/messenger,file:/D:/JD2H/messenger/web/src/main/webapp/,AVAILABLE}{src/main/webapp}
19:38:41.649 [main] INFO  org.eclipse.jetty.server.ServerConnector - Started ServerConnector@222545dc{HTTP/1.1}{0.0.0.0:8081}
19:38:41.649 [main] INFO  org.eclipse.jetty.server.Server - Started @1100ms
19:47:52.018 [main] INFO  org.eclipse.jetty.util.log - Logging initialized @606ms
19:47:52.102 [main] INFO  org.eclipse.jetty.server.Server - jetty-9.2.15.v20160210
19:47:52.394 [main] INFO  /messenger - No Spring WebApplicationInitializer types detected on classpath
19:47:52.466 [main] INFO  org.eclipse.jetty.server.handler.ContextHandler - Started o.e.j.w.WebAppContext@157632c9{/messenger,file:/D:/JD2H/messenger/web/src/main/webapp/,AVAILABLE}{src/main/webapp}
19:47:52.513 [main] INFO  org.eclipse.jetty.server.ServerConnector - Started ServerConnector@222545dc{HTTP/1.1}{0.0.0.0:8081}
19:47:52.513 [main] INFO  org.eclipse.jetty.server.Server - Started @1116ms
19:49:15.287 [main] INFO  org.eclipse.jetty.util.log - Logging initialized @595ms
19:49:15.359 [main] INFO  org.eclipse.jetty.server.Server - jetty-9.2.15.v20160210
19:49:15.671 [main] INFO  /messenger - No Spring WebApplicationInitializer types detected on classpath
19:49:15.733 [main] INFO  org.eclipse.jetty.server.handler.ContextHandler - Started o.e.j.w.WebAppContext@157632c9{/messenger,file:/D:/JD2H/messenger/web/src/main/webapp/,AVAILABLE}{src/main/webapp}
19:49:15.797 [main] INFO  org.eclipse.jetty.server.ServerConnector - Started ServerConnector@222545dc{HTTP/1.1}{0.0.0.0:8081}
19:49:15.797 [main] INFO  org.eclipse.jetty.server.Server - Started @1117ms
19:49:47.784 [main] INFO  org.eclipse.jetty.util.log - Logging initialized @607ms
19:49:47.863 [main] INFO  org.eclipse.jetty.server.Server - jetty-9.2.15.v20160210
19:49:48.173 [main] INFO  /messenger - No Spring WebApplicationInitializer types detected on classpath
19:49:48.238 [main] INFO  org.eclipse.jetty.server.handler.ContextHandler - Started o.e.j.w.WebAppContext@157632c9{/messenger,file:/D:/JD2H/messenger/web/src/main/webapp/,AVAILABLE}{src/main/webapp}
19:49:48.301 [main] INFO  org.eclipse.jetty.server.ServerConnector - Started ServerConnector@222545dc{HTTP/1.1}{0.0.0.0:8081}
19:49:48.301 [main] INFO  org.eclipse.jetty.server.Server - Started @1130ms
19:51:31.915 [main] INFO  org.eclipse.jetty.util.log - Logging initialized @626ms
19:51:31.993 [main] INFO  org.eclipse.jetty.server.Server - jetty-9.2.15.v20160210
19:51:32.290 [main] INFO  /messenger - No Spring WebApplicationInitializer types detected on classpath
19:51:32.375 [main] INFO  org.eclipse.jetty.server.handler.ContextHandler - Started o.e.j.w.WebAppContext@157632c9{/messenger,file:/D:/JD2H/messenger/web/src/main/webapp/,AVAILABLE}{src/main/webapp}
19:51:32.426 [main] INFO  org.eclipse.jetty.server.ServerConnector - Started ServerConnector@222545dc{HTTP/1.1}{0.0.0.0:8081}
19:51:32.427 [main] INFO  org.eclipse.jetty.server.Server - Started @1142ms
19:53:59.727 [main] INFO  org.eclipse.jetty.util.log - Logging initialized @618ms
19:53:59.805 [main] INFO  org.eclipse.jetty.server.Server - jetty-9.2.15.v20160210
19:54:00.120 [main] INFO  /messenger - No Spring WebApplicationInitializer types detected on classpath
19:54:00.187 [main] INFO  org.eclipse.jetty.server.handler.ContextHandler - Started o.e.j.w.WebAppContext@157632c9{/messenger,file:/D:/JD2H/messenger/web/src/main/webapp/,AVAILABLE}{src/main/webapp}
19:54:00.250 [main] INFO  org.eclipse.jetty.server.ServerConnector - Started ServerConnector@222545dc{HTTP/1.1}{0.0.0.0:8081}
19:54:00.250 [main] INFO  org.eclipse.jetty.server.Server - Started @1149ms
19:54:38.488 [main] INFO  org.eclipse.jetty.util.log - Logging initialized @618ms
19:54:38.581 [main] INFO  org.eclipse.jetty.server.Server - jetty-9.2.15.v20160210
19:54:38.866 [main] INFO  /messenger - No Spring WebApplicationInitializer types detected on classpath
19:54:38.941 [main] INFO  org.eclipse.jetty.server.handler.ContextHandler - Started o.e.j.w.WebAppContext@157632c9{/messenger,file:/D:/JD2H/messenger/web/src/main/webapp/,AVAILABLE}{src/main/webapp}
19:54:39.004 [main] INFO  org.eclipse.jetty.server.ServerConnector - Started ServerConnector@222545dc{HTTP/1.1}{0.0.0.0:8081}
19:54:39.004 [main] INFO  org.eclipse.jetty.server.Server - Started @1134ms
19:56:48.052 [main] INFO  org.eclipse.jetty.util.log - Logging initialized @610ms
19:56:48.146 [main] INFO  org.eclipse.jetty.server.Server - jetty-9.2.15.v20160210
19:56:48.446 [main] INFO  /messenger - No Spring WebApplicationInitializer types detected on classpath
19:56:48.522 [main] INFO  org.eclipse.jetty.server.handler.ContextHandler - Started o.e.j.w.WebAppContext@157632c9{/messenger,file:/D:/JD2H/messenger/web/src/main/webapp/,AVAILABLE}{src/main/webapp}
19:56:48.569 [main] INFO  org.eclipse.jetty.server.ServerConnector - Started ServerConnector@222545dc{HTTP/1.1}{0.0.0.0:8081}
19:56:48.569 [main] INFO  org.eclipse.jetty.server.Server - Started @1129ms
20:24:35.040 [main] INFO  org.eclipse.jetty.util.log - Logging initialized @608ms
20:24:35.118 [main] INFO  org.eclipse.jetty.server.Server - jetty-9.2.15.v20160210
20:24:35.421 [main] INFO  /messenger - No Spring WebApplicationInitializer types detected on classpath
20:24:35.494 [main] INFO  org.eclipse.jetty.server.handler.ContextHandler - Started o.e.j.w.WebAppContext@157632c9{/messenger,file:/D:/JD2H/messenger/web/src/main/webapp/,AVAILABLE}{src/main/webapp}
20:24:35.556 [main] INFO  org.eclipse.jetty.server.ServerConnector - Started ServerConnector@222545dc{HTTP/1.1}{0.0.0.0:8081}
20:24:35.556 [main] INFO  org.eclipse.jetty.server.Server - Started @1130ms
21:12:01.192 [main] INFO  org.eclipse.jetty.util.log - Logging initialized @588ms
21:12:01.285 [main] INFO  org.eclipse.jetty.server.Server - jetty-9.2.15.v20160210
21:12:01.599 [main] INFO  /messenger - No Spring WebApplicationInitializer types detected on classpath
21:12:01.678 [main] INFO  org.eclipse.jetty.server.handler.ContextHandler - Started o.e.j.w.WebAppContext@157632c9{/messenger,file:/D:/JD2H/messenger/web/src/main/webapp/,AVAILABLE}{src/main/webapp}
21:12:01.731 [main] INFO  org.eclipse.jetty.server.ServerConnector - Started ServerConnector@222545dc{HTTP/1.1}{0.0.0.0:8081}
21:12:01.732 [main] INFO  org.eclipse.jetty.server.Server - Started @1120ms
21:13:57.584 [main] INFO  org.eclipse.jetty.util.log - Logging initialized @615ms
21:13:57.678 [main] INFO  org.eclipse.jetty.server.Server - jetty-9.2.15.v20160210
21:13:58.007 [main] INFO  /messenger - No Spring WebApplicationInitializer types detected on classpath
21:13:58.086 [main] INFO  org.eclipse.jetty.server.handler.ContextHandler - Started o.e.j.w.WebAppContext@157632c9{/messenger,file:/D:/JD2H/messenger/web/src/main/webapp/,AVAILABLE}{src/main/webapp}
21:13:58.132 [main] INFO  org.eclipse.jetty.server.ServerConnector - Started ServerConnector@222545dc{HTTP/1.1}{0.0.0.0:8081}
21:13:58.132 [main] INFO  org.eclipse.jetty.server.Server - Started @1167ms
21:14:43.088 [main] INFO  org.eclipse.jetty.util.log - Logging initialized @636ms
21:14:43.182 [main] INFO  org.eclipse.jetty.server.Server - jetty-9.2.15.v20160210
21:14:43.511 [main] INFO  /messenger - No Spring WebApplicationInitializer types detected on classpath
21:14:43.600 [main] INFO  org.eclipse.jetty.server.handler.ContextHandler - Started o.e.j.w.WebAppContext@157632c9{/messenger,file:/D:/JD2H/messenger/web/src/main/webapp/,AVAILABLE}{src/main/webapp}
21:14:43.651 [main] INFO  org.eclipse.jetty.server.ServerConnector - Started ServerConnector@222545dc{HTTP/1.1}{0.0.0.0:8081}
21:14:43.651 [main] INFO  org.eclipse.jetty.server.Server - Started @1194ms
21:19:42.713 [main] INFO  org.eclipse.jetty.util.log - Logging initialized @623ms
21:19:42.812 [main] INFO  org.eclipse.jetty.server.Server - jetty-9.2.15.v20160210
21:19:43.106 [main] INFO  /messenger - No Spring WebApplicationInitializer types detected on classpath
21:19:43.186 [main] INFO  org.eclipse.jetty.server.handler.ContextHandler - Started o.e.j.w.WebAppContext@157632c9{/messenger,file:/D:/JD2H/messenger/web/src/main/webapp/,AVAILABLE}{src/main/webapp}
21:19:43.249 [main] INFO  org.eclipse.jetty.server.ServerConnector - Started ServerConnector@222545dc{HTTP/1.1}{0.0.0.0:8081}
21:19:43.249 [main] INFO  org.eclipse.jetty.server.Server - Started @1171ms
21:23:57.713 [main] INFO  org.eclipse.jetty.util.log - Logging initialized @630ms
21:23:57.801 [main] INFO  org.eclipse.jetty.server.Server - jetty-9.2.15.v20160210
21:23:58.102 [main] INFO  /messenger - No Spring WebApplicationInitializer types detected on classpath
21:23:58.184 [main] INFO  org.eclipse.jetty.server.handler.ContextHandler - Started o.e.j.w.WebAppContext@157632c9{/messenger,file:/D:/JD2H/messenger/web/src/main/webapp/,AVAILABLE}{src/main/webapp}
21:23:58.245 [main] INFO  org.eclipse.jetty.server.ServerConnector - Started ServerConnector@222545dc{HTTP/1.1}{0.0.0.0:8081}
21:23:58.245 [main] INFO  org.eclipse.jetty.server.Server - Started @1170ms
